Buildfile: C:\Learning\prpcServiceUtils\scripts\utils\prpcserviceutilsWrapper.xml

-init:
     [echo] ******************************************************************
     [echo] Build date : ${pegaBuildDate.value} 
     [echo] Pega7 platform version : 8.3.2 
     [echo] ******************************************************************
   [delete] Deleting directory C:\Learning\prpcServiceUtils\scripts\utils\generated
    [mkdir] Created dir: C:\Learning\prpcServiceUtils\scripts\utils\generated
[pega:propertyparser] Reading Properties from: C:\Learning\prpcServiceUtils\scripts\utils/prpcServiceUtils.properties
[pega:propertyparser] export.async=true
[pega:propertyparser] manageRestorePoints.restorePointLabel=
[pega:propertyparser] user.temp.dir=
[pega:propertyparser] import.commitRate=100
[pega:propertyparser] hotfix.bypassSchema=false
[pega:propertyparser] pega.rest.password=*****
[pega:propertyparser] import.allowInheritedConnections=false
[pega:propertyparser] pega.rest.response.type=json
[pega:propertyparser] import.mode=import
[pega:propertyparser] import.nofailonerror=false
[pega:propertyparser] export.branchAppContext=
[pega:propertyparser] hotfix.force=false
[pega:propertyparser] import.importFromRepository=false
[pega:propertyparser] export.applicationVersion=
[pega:propertyparser] pega.rest.username=bharat
[pega:propertyparser] expose.reindexType=nonpega
[pega:propertyparser] export.exportToRepository=false
[pega:propertyparser] pega.rest.proxy.port=
[pega:propertyparser] hotfix.async=true
[pega:propertyparser] import.archive.path=
[pega:propertyparser] import.compileLibraries=true
[pega:propertyparser] rollback.downloadLogToFile=true
[pega:propertyparser] import.insecureOperators=
[pega:propertyparser] export.productName=CICD
[pega:propertyparser] expose.async=true
[pega:propertyparser] updateAccessGroup.applicationVersion=
[pega:propertyparser] import.preserveOrder=false
[pega:propertyparser] getstatus.operationName=
[pega:propertyparser] export.branchName=
[pega:propertyparser] expose.startDate=
[pega:propertyparser] export.productVersion=01-01-02
[pega:propertyparser] import.bypassInstanceMigration=false
[pega:propertyparser] import.allowImportWithMissingDependencies=false
[pega:propertyparser] rollback.async=true
[pega:propertyparser] expose.reindex=true
[pega:propertyparser] updateAccessGroup.applicationName=
[pega:propertyparser] expose.includedClasses=
[pega:propertyparser] updateAccessGroup.groupList=
[pega:propertyparser] expose.endKey=
[pega:propertyparser] expose.excludeDescendents=true
[pega:propertyparser] expose.numOfThreads=1
[pega:propertyparser] export.archiveName=
[pega:propertyparser] getstatus.jobID=
[pega:propertyparser] expose.excludedClasses=
[pega:propertyparser] import.preferencespath=
[pega:propertyparser] import.artifactType=
[pega:propertyparser] expose.includeDescendents=true
[pega:propertyparser] custom.jvm.args=
[pega:propertyparser] pega.rest.server.url=http://localhost:8080/prweb/PRRestService/
[pega:propertyparser] import.existingInstances=skip
[pega:propertyparser] manageRestorePoints.restorePointName=
[pega:propertyparser] import.async=true
[pega:propertyparser] expose.endDate=
[pega:propertyparser] rollback.restorePointName=
[pega:propertyparser] hotfix.dlFilePath=
[pega:propertyparser] updateDASS.filePath=
[pega:propertyparser] import.skipBackup=false
[pega:propertyparser] pega.rest.proxy.workstation=
[pega:propertyparser] pega.rest.proxy.password=*****
[pega:propertyparser] import.archivePath=
[pega:propertyparser] import.bypassColumnPopulation=false
[pega:propertyparser] hotfix.catalogPath=
[pega:propertyparser] import.codesetName=Customer
[pega:propertyparser] hotfix.operation=
[pega:propertyparser] pega.rest.proxy.domain=
[pega:propertyparser] expose.commitRate=100
[pega:propertyparser] pega.rest.proxy.host=
[pega:propertyparser] import.repositoryName=
[pega:propertyparser] import.bypassSchemaChangesToDescendantTables=false
[pega:propertyparser] rollback.action=SystemRollback
[pega:propertyparser] export.applicationName=
[pega:propertyparser] expose.startKey=
[pega:propertyparser] manageRestorePoints.action=
[pega:propertyparser] pega.rest.proxy.username=
[pega:propertyparser] export.repositoryName=
[pega:propertyparser] import.codesetVersion=06-01-01
[pega:propertyparser] import.bypassSchema=
    [mkdir] Created dir: C:\Users\bhara\AppData\Local\Temp\PegaInstallTemp-26-December-2020-00.11.35
[pega:hasenoughspace] Found 81515936KB of free space on 'C:\Users\bhara\AppData\Local\Temp\'
     [echo] *** JVM Arguments -Xmx1280m -Dlog4j.configurationFile=file:///C%3A%5CLearning%5CprpcServiceUtils%5Cscripts%5Clib%5Clog4j2.xml -Dlogfile.timestamp=20201226_001135  ***

-processInstances:
     [echo] Performing export on single instance(s)
[pega:echoargline] arg line : -action export -propFileDir C:\Learning\prpcServiceUtils\scripts\utils/generated -poolSize ${prpcserviceutils.pool.size} -requestTimeOut ${prpcserviceutils.request.timeout} -tempDir C:\Users\bhara\AppData\Local\Temp\/PegaInstallTemp-26-December-2020-00.11.35 -artifactsDir logs -processFailStrategy FAIL_PROCESS_ON_SINGLE_SYSTEM_FAILURE
[propertyfile] Creating new property file: C:\Learning\prpcServiceUtils\scripts\utils\generated\generated-connection.properties
[pega:propertyfilegenerator] Systems Configured
[pega:propertyfilegenerator] DefaultSystem
[pega:propertyfilegenerator] Generated C:\Learning\prpcServiceUtils\scripts\utils\generated\DefaultSystem.prpcServiceUtils.properties for system DefaultSystem with properties:
[pega:propertyfilegenerator] import.bypassSchema=
[pega:propertyfilegenerator] import.codesetVersion=06-01-01
[pega:propertyfilegenerator] export.repositoryName=
[pega:propertyfilegenerator] pega.rest.proxy.username=
[pega:propertyfilegenerator] manageRestorePoints.action=
[pega:propertyfilegenerator] expose.startKey=
[pega:propertyfilegenerator] export.applicationName=
[pega:propertyfilegenerator] rollback.action=SystemRollback
[pega:propertyfilegenerator] import.bypassSchemaChangesToDescendantTables=false
[pega:propertyfilegenerator] import.repositoryName=
[pega:propertyfilegenerator] pega.rest.proxy.host=
[pega:propertyfilegenerator] expose.commitRate=100
[pega:propertyfilegenerator] pega.rest.proxy.domain=
[pega:propertyfilegenerator] hotfix.catalogPath=
[pega:propertyfilegenerator] import.codesetName=Customer
[pega:propertyfilegenerator] hotfix.operation=
[pega:propertyfilegenerator] import.bypassColumnPopulation=false
[pega:propertyfilegenerator] import.archivePath=
[pega:propertyfilegenerator] import.skipBackup=false
[pega:propertyfilegenerator] pega.rest.proxy.workstation=
[pega:propertyfilegenerator] pega.rest.proxy.password=*****
[pega:propertyfilegenerator] updateDASS.filePath=
[pega:propertyfilegenerator] hotfix.dlFilePath=
[pega:propertyfilegenerator] rollback.restorePointName=
[pega:propertyfilegenerator] expose.endDate=
[pega:propertyfilegenerator] import.async=true
[pega:propertyfilegenerator] manageRestorePoints.restorePointName=
[pega:propertyfilegenerator] import.existingInstances=skip
[pega:propertyfilegenerator] pega.rest.server.url=http://localhost:8080/prweb/PRRestService/
[pega:propertyfilegenerator] custom.jvm.args=
[pega:propertyfilegenerator] import.preferencespath=
[pega:propertyfilegenerator] import.artifactType=
[pega:propertyfilegenerator] expose.includeDescendents=true
[pega:propertyfilegenerator] expose.excludedClasses=
[pega:propertyfilegenerator] getstatus.jobID=
[pega:propertyfilegenerator] export.archiveName=
[pega:propertyfilegenerator] expose.numOfThreads=1
[pega:propertyfilegenerator] expose.excludeDescendents=true
[pega:propertyfilegenerator] updateAccessGroup.groupList=
[pega:propertyfilegenerator] expose.endKey=
[pega:propertyfilegenerator] expose.includedClasses=
[pega:propertyfilegenerator] updateAccessGroup.applicationName=
[pega:propertyfilegenerator] rollback.async=true
[pega:propertyfilegenerator] expose.reindex=true
[pega:propertyfilegenerator] import.allowImportWithMissingDependencies=false
[pega:propertyfilegenerator] export.productVersion=01-01-02
[pega:propertyfilegenerator] import.bypassInstanceMigration=false
[pega:propertyfilegenerator] expose.startDate=
[pega:propertyfilegenerator] export.branchName=
[pega:propertyfilegenerator] getstatus.operationName=
[pega:propertyfilegenerator] import.preserveOrder=false
[pega:propertyfilegenerator] updateAccessGroup.applicationVersion=
[pega:propertyfilegenerator] import.insecureOperators=
[pega:propertyfilegenerator] rollback.downloadLogToFile=true
[pega:propertyfilegenerator] export.productName=CICD
[pega:propertyfilegenerator] expose.async=true
[pega:propertyfilegenerator] import.compileLibraries=true
[pega:propertyfilegenerator] import.archive.path=
[pega:propertyfilegenerator] hotfix.async=true
[pega:propertyfilegenerator] export.exportToRepository=false
[pega:propertyfilegenerator] pega.rest.proxy.port=
[pega:propertyfilegenerator] expose.reindexType=nonpega
[pega:propertyfilegenerator] pega.rest.username=bharat
[pega:propertyfilegenerator] export.applicationVersion=
[pega:propertyfilegenerator] import.importFromRepository=false
[pega:propertyfilegenerator] hotfix.force=false
[pega:propertyfilegenerator] export.branchAppContext=
[pega:propertyfilegenerator] import.nofailonerror=false
[pega:propertyfilegenerator] pega.rest.response.type=json
[pega:propertyfilegenerator] import.mode=import
[pega:propertyfilegenerator] hotfix.bypassSchema=false
[pega:propertyfilegenerator] pega.rest.password=*****
[pega:propertyfilegenerator] import.allowInheritedConnections=false
[pega:propertyfilegenerator] import.commitRate=100
[pega:propertyfilegenerator] user.temp.dir=
[pega:propertyfilegenerator] manageRestorePoints.restorePointLabel=
[pega:propertyfilegenerator] export.async=true
[pega:propertyfilegenerator] 

_callService:
     [java] 00:11:36.767 [main] INFO  [a.pegarules.serviceclient.ClientSettings] - -action export -propFileDir C:\Learning\prpcServiceUtils\scripts\utils/generated -poolSize ${prpcserviceutils.pool.size} -requestTimeOut ${prpcserviceutils.request.timeout} -tempDir C:\Users\bhara\AppData\Local\Temp\/PegaInstallTemp-26-December-2020-00.11.35 -artifactsDir logs -processFailStrategy FAIL_PROCESS_ON_SINGLE_SYSTEM_FAILURE 
     [java] 00:11:36.770 [main] INFO  [a.pegarules.serviceclient.ClientSettings] - Setting Thread Pool Size to default 5
     [java] 00:11:36.770 [main] INFO  [a.pegarules.serviceclient.ClientSettings] - Setting Request TimeOut to default 300
     [java] 00:11:36.781 [main] INFO  [.pega.pegarules.serviceclient.ClientMain] - Initializing client Current Operation = EXPORT; Thread Pool Size = 5; RequestTimeOut = 300; TemporaryDirectory = C:\Users\bhara\AppData\Local\Temp\/PegaInstallTemp-26-December-2020-00.11.35; ProcessFailStrategy = FAIL_PROCESS_ON_SINGLE_SYSTEM_FAILURE
     [java] 00:11:36.782 [main] INFO  [viceclient.requestmanager.RequestManager] - Initializing Request Manager
     [java] 00:11:36.783 [main] INFO  [viceclient.requestmanager.RequestManager] - Initializing ExecutorService with pool size 5 
     [java] 00:11:36.785 [main] INFO  [viceclient.requestmanager.RequestManager] - Performing EXPORT with params [System Name = DefaultSystem Parameters = {export.async=true, manageRestorePoints.restorePointLabel=, user.temp.dir=, import.commitRate=100, hotfix.bypassSchema=false, pega.rest.password=*****, import.allowInheritedConnections=false, pega.rest.response.type=json, import.mode=import, import.nofailonerror=false, export.branchAppContext=, hotfix.force=false, import.importFromRepository=false, export.applicationVersion=, pega.rest.username=bharat, expose.reindexType=nonpega, export.exportToRepository=false, pega.rest.proxy.port=, hotfix.async=true, import.archive.path=, import.compileLibraries=true, import.insecureOperators=, rollback.downloadLogToFile=true, export.productName=CICD, expose.async=true, updateAccessGroup.applicationVersion=, import.preserveOrder=false, getstatus.operationName=, export.branchName=, expose.startDate=, export.productVersion=01-01-02, import.bypassInstanceMigration=false, import.allowImportWithMissingDependencies=false, rollback.async=true, expose.reindex=true, updateAccessGroup.applicationName=, expose.includedClasses=, updateAccessGroup.groupList=, expose.endKey=, expose.excludeDescendents=true, expose.numOfThreads=1, export.archiveName=, getstatus.jobID=, expose.excludedClasses=, import.preferencespath=, import.artifactType=, expose.includeDescendents=true, custom.jvm.args=, pega.rest.server.url=http://localhost:8080/prweb/PRRestService/, import.existingInstances=skip, manageRestorePoints.restorePointName=, import.async=true, expose.endDate=, rollback.restorePointName=, hotfix.dlFilePath=, updateDASS.filePath=, import.skipBackup=false, pega.rest.proxy.workstation=, pega.rest.proxy.password=*****, import.archivePath=, import.bypassColumnPopulation=false, hotfix.catalogPath=, import.codesetName=Customer, hotfix.operation=, pega.rest.proxy.domain=, expose.commitRate=100, pega.rest.proxy.host=, import.repositoryName=, import.bypassSchemaChangesToDescendantTables=false, rollback.action=SystemRollback, export.applicationName=, expose.startKey=, manageRestorePoints.action=, pega.rest.proxy.username=, export.repositoryName=, import.codesetVersion=06-01-01, import.bypassSchema=}]
     [java]  
     [java] 00:11:38.498 [pool-2-thread-1] INFO  [egarules.serviceclient.rest.RestResponse] - DefaultSystem: Parsing response
     [java] 00:11:38.498 [pool-2-thread-1] INFO  [egarules.serviceclient.rest.RestResponse] - DefaultSystem: Parsing response of length 227
     [java] 00:11:38.500 [pool-2-thread-1] INFO  [egarules.serviceclient.rest.RestResponse] - DefaultSystem: Parsing content of type application/json; charset=UTF-8
     [java] 00:11:38.507 [main] INFO  [viceclient.requestmanager.RequestManager] - Request on system DefaultSystem Successful
     [java] 
     [java]                                        FAILED JOBS
     [java] --------------------------------------------------------------------------------------------
     [java] 
     [java] System Name         : DefaultSystem                                                                                       
     [java] Job ID              :                                                                                                     
     [java] Status              : FAILED                                                                                              
     [java] Error Messages      : No matching Product or Application found with inputs Product Name:CICD Product Version:01-01-02 Application Name: Application Version:                                                                  
     [java] --------------------------------------------------------------------------------------------
     [java] 00:11:38.539 [main] INFO  [viceclient.requestmanager.RequestManager] - Shutting down executor service
     [java] 00:11:38.539 [main] INFO  [viceclient.requestmanager.RequestManager] - Executor Service shutdown completed
     [java] Exception in thread "main" Operation EXPORT failed on DefaultSystem,
     [java] 	at com.pega.pegarules.serviceclient.FailProcessOnSingleSystemFailure.reportStatus(FailProcessOnSingleSystemFailure.java:26)
     [java] 	at com.pega.pegarules.serviceclient.ClientMain.executeAndHandleResponse(ClientMain.java:92)
     [java] 	at com.pega.pegarules.serviceclient.ClientMain.main(ClientMain.java:57)

BUILD FAILED
C:\Learning\prpcServiceUtils\scripts\utils\prpcserviceutilsWrapper.xml:190: The following error occurred while executing this line:
C:\Learning\prpcServiceUtils\scripts\utils\prpcserviceutilsWrapper.xml:197: Java returned: 1

Total time: 3 seconds
Exiting with Error

